<?xml version="1.0" encoding="UTF-8"?>
<!-- Generated by org.testng.reporters.JUnitReportReporter -->
<testsuite hostname="DESKTOP-ACG7K3G" failures="0" tests="2" name="TestSuite.Technical" time="8.717" errors="0" timestamp="2023-06-15T22:12:56 IST" skipped="0">
  <testcase classname="TestSuite.Technical" name="techcapture" time="3.035"/>
  <system-out/>
  <testcase classname="TestSuite.Technical" name="login" time="5.682"/>
  <system-out/>
</testsuite> <!-- TestSuite.Technical -->
